<?xml version="1.0" encoding="UTF-8"?>
<testng-results ignored="0" total="1" passed="1" failed="0" skipped="0">
  <reporter-output>
  </reporter-output>
  <suite started-at="2022-09-06T21:23:18 IST" name="API Testing Suite" finished-at="2022-09-06T21:23:18 IST" duration-ms="658">
    <groups>
    </groups>
    <test started-at="2022-09-06T21:23:18 IST" name="Nopackage" finished-at="2022-09-06T21:23:18 IST" duration-ms="658">
      <class name="BasicApiTest">
        <test-method is-config="true" signature="setup()[pri:0, instance:BasicApiTest@4a7f959b]" started-at="2022-09-06T21:23:18 IST" name="setup" finished-at="2022-09-06T21:23:18 IST" duration-ms="370" status="PASS">
          <reporter-output>
          </reporter-output>
        </test-method> <!-- setup -->
        <test-method signature="T01_StatusCodeAndGetClientsTest()[pri:0, instance:BasicApiTest@4a7f959b]" started-at="2022-09-06T21:23:18 IST" name="T01_StatusCodeAndGetClientsTest" finished-at="2022-09-06T21:23:18 IST" duration-ms="275" status="PASS">
          <reporter-output>
          </reporter-output>
        </test-method> <!-- T01_StatusCodeAndGetClientsTest -->
        <test-method is-config="true" signature="afterTest()[pri:0, instance:BasicApiTest@4a7f959b]" started-at="2022-09-06T21:23:18 IST" name="afterTest" finished-at="2022-09-06T21:23:18 IST" duration-ms="1" status="PASS">
          <reporter-output>
          </reporter-output>
        </test-method> <!-- afterTest -->
      </class> <!-- BasicApiTest -->
    </test> <!-- Nopackage -->
  </suite> <!-- API Testing Suite -->
</testng-results>
